
> admin-dashboard@0.1.0 build C:\Users\User\Desktop\Workshop\Naija Trivia\apps\admin-dashboard
> next build

⚠ Warning: Next.js inferred your workspace root, but it may not be correct.
 We detected multiple lockfiles and selected the directory of C:\Users\User\Desktop\Workshop\Naija Trivia\pnpm-lock.yaml as the root directory.
 To silence this warning, set `turbopack.root` in your Next.js config, or consider removing one of the lockfiles if it's not needed.
   See https://nextjs.org/docs/app/api-reference/config/next-config-js/turbopack#root-directory for more information.
 Detected additional lockfiles: 
   * C:\Users\User\Desktop\Workshop\Naija Trivia\apps\admin-dashboard\pnpm-lock.yaml

▲ Next.js 16.1.4 (Turbopack)
- Environments: .env.local

  Creating an optimized production build ...
✓ Compiled successfully in 5.7s
  Running TypeScript ...
  Collecting page data using 15 workers ...
  Generating static pages using 15 workers (0/7) ...
  Generating static pages using 15 workers (1/7) 
  Generating static pages using 15 workers (3/7) 
  Generating static pages using 15 workers (5/7) 
✓ Generating static pages using 15 workers (7/7) in 780.1ms
  Finalizing page optimization ...

Route (app)
┌ ○ /
├ ○ /_not-found
├ ƒ /api/packs
├ ƒ /api/packs/[id]
├ ○ /drafts
├ ƒ /drafts/[id]
└ ○ /publish


○  (Static)   prerendered as static content
ƒ  (Dynamic)  server-rendered on demand

